TN:
SF:C:/Users/Janet/Desktop/MicahBala/ALCforLoop/book-a-meal/bookAMeal/app/api/app.js
FN:13,(anonymous_1)
FNF:1
FNH:1
FNDA:1,(anonymous_1)
DA:1,1
DA:2,1
DA:3,1
DA:5,1
DA:7,1
DA:8,1
DA:9,1
DA:11,1
DA:13,1
DA:14,1
LF:10
LH:10
BRF:0
BRH:0
end_of_record
TN:
SF:C:/Users/Janet/Desktop/MicahBala/ALCforLoop/book-a-meal/bookAMeal/app/api/db/meals.db.js
FNF:0
FNH:0
DA:1,1
LF:1
LH:1
BRF:0
BRH:0
end_of_record
TN:
SF:C:/Users/Janet/Desktop/MicahBala/ALCforLoop/book-a-meal/bookAMeal/app/api/db/menu.db.js
FNF:0
FNH:0
DA:1,1
LF:1
LH:1
BRF:0
BRH:0
end_of_record
TN:
SF:C:/Users/Janet/Desktop/MicahBala/ALCforLoop/book-a-meal/bookAMeal/app/api/db/order.db.js
FNF:0
FNH:0
DA:1,1
LF:1
LH:1
BRF:0
BRH:0
end_of_record
TN:
SF:C:/Users/Janet/Desktop/MicahBala/ALCforLoop/book-a-meal/bookAMeal/app/api/db/users.db.js
FNF:0
FNH:0
DA:1,1
LF:1
LH:1
BRF:0
BRH:0
end_of_record
TN:
SF:C:/Users/Janet/Desktop/MicahBala/ALCforLoop/book-a-meal/bookAMeal/app/api/mealsController/meals.controller.js
FN:48,(anonymous_10)
FN:67,(anonymous_12)
FNF:2
FNH:2
FNDA:1,(anonymous_10)
FNDA:1,(anonymous_12)
DA:1,1
DA:2,1
DA:3,1
DA:8,1
DA:17,1
DA:23,1
DA:25,1
DA:26,0
DA:29,1
DA:37,1
DA:39,1
DA:48,1
DA:49,1
DA:50,1
DA:52,1
DA:57,0
DA:66,1
DA:67,1
DA:70,1
DA:71,0
DA:77,1
DA:83,1
DA:84,1
DA:85,0
DA:88,1
DA:89,1
DA:90,1
DA:92,1
DA:99,1
LF:29
LH:25
BRDA:25,0,0,0
BRDA:25,0,1,1
BRDA:49,1,0,1
BRDA:49,1,1,0
BRDA:70,2,0,0
BRDA:70,2,1,1
BRDA:84,3,0,0
BRDA:84,3,1,1
BRDA:88,4,0,1
BRDA:88,4,1,0
BRDA:89,5,0,1
BRDA:89,5,1,0
BRDA:90,6,0,1
BRDA:90,6,1,0
BRF:14
BRH:7
end_of_record
TN:
SF:C:/Users/Janet/Desktop/MicahBala/ALCforLoop/book-a-meal/bookAMeal/app/api/mealsController/menucontroller.js
FNF:0
FNH:0
DA:1,1
DA:2,1
DA:3,1
DA:8,1
DA:17,1
DA:21,1
DA:23,1
DA:24,0
DA:27,1
DA:32,1
DA:34,1
DA:41,1
LF:12
LH:11
BRDA:23,0,0,0
BRDA:23,0,1,1
BRF:2
BRH:1
end_of_record
TN:
SF:C:/Users/Janet/Desktop/MicahBala/ALCforLoop/book-a-meal/bookAMeal/app/api/mealsController/orders.controller.js
FN:44,(anonymous_10)
FNF:1
FNH:1
FNDA:1,(anonymous_10)
DA:1,1
DA:2,1
DA:3,1
DA:8,2
DA:17,0
DA:21,0
DA:23,0
DA:24,0
DA:27,0
DA:33,0
DA:35,0
DA:43,1
DA:44,1
DA:47,1
DA:48,0
DA:54,1
DA:58,1
DA:60,1
DA:61,0
DA:64,1
DA:66,1
DA:73,1
LF:22
LH:13
BRDA:23,0,0,0
BRDA:23,0,1,0
BRDA:47,1,0,0
BRDA:47,1,1,1
BRDA:60,2,0,0
BRDA:60,2,1,1
BRDA:64,3,0,1
BRDA:64,3,1,0
BRF:8
BRH:3
end_of_record
TN:
SF:C:/Users/Janet/Desktop/MicahBala/ALCforLoop/book-a-meal/bookAMeal/app/api/mealsController/users.controller.js
FN:54,(anonymous_9)
FNF:1
FNH:1
FNDA:3,(anonymous_9)
DA:1,1
DA:2,1
DA:3,1
DA:8,1
DA:16,1
DA:18,1
DA:19,0
DA:22,1
DA:31,1
DA:33,1
DA:42,1
DA:47,1
DA:49,1
DA:50,0
DA:53,1
DA:54,3
DA:58,1
DA:59,0
DA:64,1
DA:71,1
LF:20
LH:17
BRDA:18,0,0,0
BRDA:18,0,1,1
BRDA:49,1,0,0
BRDA:49,1,1,1
BRDA:54,2,0,3
BRDA:54,2,1,1
BRDA:58,3,0,0
BRDA:58,3,1,1
BRF:8
BRH:5
end_of_record
TN:
SF:C:/Users/Janet/Desktop/MicahBala/ALCforLoop/book-a-meal/bookAMeal/app/api/routes/index.js
FN:14,(anonymous_1)
FNF:1
FNH:0
FNDA:0,(anonymous_1)
DA:1,1
DA:2,1
DA:3,1
DA:4,1
DA:5,1
DA:7,1
DA:9,1
DA:10,1
DA:11,1
DA:12,1
DA:14,1
LF:11
LH:11
BRF:0
BRH:0
end_of_record
TN:
SF:C:/Users/Janet/Desktop/MicahBala/ALCforLoop/book-a-meal/bookAMeal/app/api/routes/meals.route.js
FNF:0
FNH:0
DA:1,1
DA:2,1
DA:4,1
DA:7,1
DA:10,1
DA:13,1
DA:16,1
LF:7
LH:7
BRF:0
BRH:0
end_of_record
TN:
SF:C:/Users/Janet/Desktop/MicahBala/ALCforLoop/book-a-meal/bookAMeal/app/api/routes/menu.route.js
FNF:0
FNH:0
DA:1,1
DA:2,1
DA:4,1
DA:7,1
DA:10,1
LF:5
LH:5
BRF:0
BRH:0
end_of_record
TN:
SF:C:/Users/Janet/Desktop/MicahBala/ALCforLoop/book-a-meal/bookAMeal/app/api/routes/order.route.js
FNF:0
FNH:0
DA:1,1
DA:2,1
DA:4,1
DA:7,1
DA:10,1
DA:13,1
LF:6
LH:6
BRF:0
BRH:0
end_of_record
TN:
SF:C:/Users/Janet/Desktop/MicahBala/ALCforLoop/book-a-meal/bookAMeal/app/api/routes/users.route.js
FNF:0
FNH:0
DA:1,1
DA:2,1
DA:4,1
DA:7,1
DA:10,1
LF:5
LH:5
BRF:0
BRH:0
end_of_record
